<?xml version="1.0" encoding="UTF-8"?>
<!-- Generated by org.testng.reporters.JUnitReportReporter -->
<testsuite ignored="0" hostname="Salos-MacBook-Air.local" failures="0" tests="2" name="com.herokuapp.theinternet.PositiveTests" time="34.174" errors="0" timestamp="01 Oct 2023 14:06:23 GMT" skipped="0">
  <testcase classname="com.herokuapp.theinternet.PositiveTests" name="firstTest" time="17.361"/>
  <testcase classname="com.herokuapp.theinternet.PositiveTests" name="incorrectUserName" time="16.813"/>
</testsuite> <!-- com.herokuapp.theinternet.PositiveTests -->
