<?xml version="1.0" encoding="UTF-8"?>
<!-- Generated by org.testng.reporters.JUnitReportReporter -->
<testsuite hostname="Salos-MacBook-Air.local" failures="0" tests="1" name="com.herokuapp.theinternet.PositiveTests" time="14.382" errors="0" timestamp="28 Sep 2023 00:11:48 GMT" skipped="0">
  <testcase classname="com.herokuapp.theinternet.PositiveTests" name="firstTest" time="14.382"/>
</testsuite> <!-- com.herokuapp.theinternet.PositiveTests -->
